# JRE version: Java(TM) SE Runtime Environment (8.0_121-b13) (build 1.8.0_121-b13)
# Java VM: Java HotSpot(TM) 64-Bit Server VM (25.121-b13 mixed mode windows-amd64 compressed oops)
Heap:
 PSYoungGen      total 204800K, used 151157K [0x00000000eaf00000, 0x00000000f9900000, 0x0000000100000000)
  eden space 195584K, 72% used [0x00000000eaf00000,0x00000000f39a0a28,0x00000000f6e00000)
  from space 9216K, 99% used [0x00000000f9000000,0x00000000f98fca28,0x00000000f9900000)
  to   space 12800K, 42% used [0x00000000f8000000,0x00000000f8548020,0x00000000f8c80000)
 ParOldGen       total 47104K, used 26210K [0x00000000c0c00000, 0x00000000c3a00000, 0x00000000eaf00000)
  object space 47104K, 55% used [0x00000000c0c00000,0x00000000c2598b18,0x00000000c3a00000)
 Metaspace       used 55569K, capacity 58842K, committed 59008K, reserved 1099776K
  class space    used 8120K, capacity 8712K, committed 8832K, reserved 1048576K
GC Heap History (10 events):
Event: 48.404 GC heap after
Heap after GC invocations=12 (full 1):
 PSYoungGen      total 101888K, used 6626K [0x00000000eaf00000, 0x00000000f5100000, 0x0000000100000000)
  eden space 95232K, 0% used [0x00000000eaf00000,0x00000000eaf00000,0x00000000f0c00000)
  from space 6656K, 99% used [0x00000000f0c00000,0x00000000f1278b20,0x00000000f1280000)
  to   space 9216K, 0% used [0x00000000f4800000,0x00000000f4800000,0x00000000f5100000)
 ParOldGen       total 28672K, used 12390K [0x00000000c0c00000, 0x00000000c2800000, 0x00000000eaf00000)
  object space 28672K, 43% used [0x00000000c0c00000,0x00000000c1819b48,0x00000000c2800000)
 Metaspace       used 28391K, capacity 30124K, committed 30336K, reserved 1075200K
  class space    used 4057K, capacity 4379K, committed 4480K, reserved 1048576K
}
Event: 55.648 GC heap before
{Heap before GC invocations=13 (full 1):
 PSYoungGen      total 101888K, used 101858K [0x00000000eaf00000, 0x00000000f5100000, 0x0000000100000000)
  eden space 95232K, 100% used [0x00000000eaf00000,0x00000000f0c00000,0x00000000f0c00000)
  from space 6656K, 99% used [0x00000000f0c00000,0x00000000f1278b20,0x00000000f1280000)
  to   space 9216K, 0% used [0x00000000f4800000,0x00000000f4800000,0x00000000f5100000)
 ParOldGen       total 28672K, used 12390K [0x00000000c0c00000, 0x00000000c2800000, 0x00000000eaf00000)
  object space 28672K, 43% used [0x00000000c0c00000,0x00000000c1819b48,0x00000000c2800000)
 Metaspace       used 32587K, capacity 34562K, committed 34688K, reserved 1079296K
  class space    used 4549K, capacity 4908K, committed 4992K, reserved 1048576K
Event: 55.681 GC heap after
Heap after GC invocations=13 (full 1):
 PSYoungGen      total 153600K, used 5954K [0x00000000eaf00000, 0x00000000f4f80000, 0x0000000100000000)
  eden space 145920K, 0% used [0x00000000eaf00000,0x00000000eaf00000,0x00000000f3d80000)
  from space 7680K, 77% used [0x00000000f4800000,0x00000000f4dd0a98,0x00000000f4f80000)
  to   space 9216K, 0% used [0x00000000f3d80000,0x00000000f3d80000,0x00000000f4680000)
 ParOldGen       total 28672K, used 16638K [0x00000000c0c00000, 0x00000000c2800000, 0x00000000eaf00000)
  object space 28672K, 58% used [0x00000000c0c00000,0x00000000c1c3fba8,0x00000000c2800000)
 Metaspace       used 32587K, capacity 34562K, committed 34688K, reserved 1079296K
  class space    used 4549K, capacity 4908K, committed 4992K, reserved 1048576K
}
Event: 58.492 GC heap before
{Heap before GC invocations=14 (full 1):
 PSYoungGen      total 153600K, used 14028K [0x00000000eaf00000, 0x00000000f4f80000, 0x0000000100000000)
  eden space 145920K, 5% used [0x00000000eaf00000,0x00000000eb6e25b0,0x00000000f3d80000)
  from space 7680K, 77% used [0x00000000f4800000,0x00000000f4dd0a98,0x00000000f4f80000)
  to   space 9216K, 0% used [0x00000000f3d80000,0x00000000f3d80000,0x00000000f4680000)
 ParOldGen       total 28672K, used 16638K [0x00000000c0c00000, 0x00000000c2800000, 0x00000000eaf00000)
  object space 28672K, 58% used [0x00000000c0c00000,0x00000000c1c3fba8,0x00000000c2800000)
 Metaspace       used 33323K, capacity 35314K, committed 35416K, reserved 1079296K
  class space    used 4639K, capacity 5046K, committed 5120K, reserved 1048576K
Event: 58.503 GC heap after
Heap after GC invocations=14 (full 1):
 PSYoungGen      total 155136K, used 1593K [0x00000000eaf00000, 0x00000000f9900000, 0x0000000100000000)
  eden space 145920K, 0% used [0x00000000eaf00000,0x00000000eaf00000,0x00000000f3d80000)
  from space 9216K, 17% used [0x00000000f3d80000,0x00000000f3f0e690,0x00000000f4680000)
  to   space 9216K, 0% used [0x00000000f9000000,0x00000000f9000000,0x00000000f9900000)
 ParOldGen       total 28672K, used 19297K [0x00000000c0c00000, 0x00000000c2800000, 0x00000000eaf00000)
  object space 28672K, 67% used [0x00000000c0c00000,0x00000000c1ed85d8,0x00000000c2800000)
 Metaspace       used 33323K, capacity 35314K, committed 35416K, reserved 1079296K
  class space    used 4639K, capacity 5046K, committed 5120K, reserved 1048576K
}
Event: 58.503 GC heap before
{Heap before GC invocations=15 (full 2):
 PSYoungGen      total 155136K, used 1593K [0x00000000eaf00000, 0x00000000f9900000, 0x0000000100000000)
  eden space 145920K, 0% used [0x00000000eaf00000,0x00000000eaf00000,0x00000000f3d80000)
  from space 9216K, 17% used [0x00000000f3d80000,0x00000000f3f0e690,0x00000000f4680000)
  to   space 9216K, 0% used [0x00000000f9000000,0x00000000f9000000,0x00000000f9900000)
 ParOldGen       total 28672K, used 19297K [0x00000000c0c00000, 0x00000000c2800000, 0x00000000eaf00000)
  object space 28672K, 67% used [0x00000000c0c00000,0x00000000c1ed85d8,0x00000000c2800000)
 Metaspace       used 33323K, capacity 35314K, committed 35416K, reserved 1079296K
  class space    used 4639K, capacity 5046K, committed 5120K, reserved 1048576K
Event: 58.761 GC heap after
Heap after GC invocations=15 (full 2):
 PSYoungGen      total 155136K, used 0K [0x00000000eaf00000, 0x00000000f9900000, 0x0000000100000000)
  eden space 145920K, 0% used [0x00000000eaf00000,0x00000000eaf00000,0x00000000f3d80000)
  from space 9216K, 0% used [0x00000000f3d80000,0x00000000f3d80000,0x00000000f4680000)
  to   space 9216K, 0% used [0x00000000f9000000,0x00000000f9000000,0x00000000f9900000)
 ParOldGen       total 47104K, used 15817K [0x00000000c0c00000, 0x00000000c3a00000, 0x00000000eaf00000)
  object space 47104K, 33% used [0x00000000c0c00000,0x00000000c1b72478,0x00000000c3a00000)
 Metaspace       used 33323K, capacity 35314K, committed 35416K, reserved 1079296K
  class space    used 4639K, capacity 5046K, committed 5120K, reserved 1048576K
}
Event: 82.824 GC heap before
{Heap before GC invocations=16 (full 2):
 PSYoungGen      total 155136K, used 145920K [0x00000000eaf00000, 0x00000000f9900000, 0x0000000100000000)
  eden space 145920K, 100% used [0x00000000eaf00000,0x00000000f3d80000,0x00000000f3d80000)
  from space 9216K, 0% used [0x00000000f3d80000,0x00000000f3d80000,0x00000000f4680000)
  to   space 9216K, 0% used [0x00000000f9000000,0x00000000f9000000,0x00000000f9900000)
 ParOldGen       total 47104K, used 15817K [0x00000000c0c00000, 0x00000000c3a00000, 0x00000000eaf00000)
  object space 47104K, 33% used [0x00000000c0c00000,0x00000000c1b72478,0x00000000c3a00000)
 Metaspace       used 46953K, capacity 49192K, committed 49536K, reserved 1091584K
  class space    used 6795K, capacity 7215K, committed 7296K, reserved 1048576K
Event: 82.876 GC heap after
Heap after GC invocations=16 (full 2):
 PSYoungGen      total 204800K, used 9202K [0x00000000eaf00000, 0x00000000f9900000, 0x0000000100000000)
  eden space 195584K, 0% used [0x00000000eaf00000,0x00000000eaf00000,0x00000000f6e00000)
  from space 9216K, 99% used [0x00000000f9000000,0x00000000f98fca28,0x00000000f9900000)
  to   space 12800K, 0% used [0x00000000f8000000,0x00000000f8000000,0x00000000f8c80000)
 ParOldGen       total 47104K, used 22162K [0x00000000c0c00000, 0x00000000c3a00000, 0x00000000eaf00000)
  object space 47104K, 47% used [0x00000000c0c00000,0x00000000c21a4988,0x00000000c3a00000)
 Metaspace       used 46953K, capacity 49192K, committed 49536K, reserved 1091584K
  class space    used 6795K, capacity 7215K, committed 7296K, reserved 1048576K
}
Event: 880.852 GC heap before
{Heap before GC invocations=17 (full 2):
 PSYoungGen      total 204800K, used 151157K [0x00000000eaf00000, 0x00000000f9900000, 0x0000000100000000)
  eden space 195584K, 72% used [0x00000000eaf00000,0x00000000f39a0a28,0x00000000f6e00000)
  from space 9216K, 99% used [0x00000000f9000000,0x00000000f98fca28,0x00000000f9900000)
  to   space 12800K, 0% used [0x00000000f8000000,0x00000000f8000000,0x00000000f8c80000)
 ParOldGen       total 47104K, used 22162K [0x00000000c0c00000, 0x00000000c3a00000, 0x00000000eaf00000)
  object space 47104K, 47% used [0x00000000c0c00000,0x00000000c21a4988,0x00000000c3a00000)
 Metaspace       used 55569K, capacity 58842K, committed 59008K, reserved 1099776K
  class space    used 8120K, capacity 8712K, committed 8832K, reserved 1048576K

